2026-02-27 17:20:47,069 [COLLECTOR] =======================================================
2026-02-27 17:20:47,070 [COLLECTOR]   COLLECTOR arrancado en modo autónomo
2026-02-27 17:20:47,070 [COLLECTOR]   Intervalo: 300s
2026-02-27 17:20:47,070 [COLLECTOR] =======================================================
2026-02-27 17:20:47,071 [COLLECTOR] Descargando mercados activos...
2026-02-27 17:20:47,404 [COLLECTOR]   Activos: 100 mercados → 0 nuevos guardados
2026-02-27 17:20:47,404 [COLLECTOR] Descargando mercados resueltos...
2026-02-27 17:20:48,228 [COLLECTOR]   Resueltos: 200 mercados → 0 nuevos guardados
2026-02-27 17:20:48,232 [COLLECTOR]   Total en dataset: 230 registros
2026-02-27 17:22:44,493 [COLLECTOR] =======================================================
2026-02-27 17:22:44,493 [COLLECTOR]   COLLECTOR arrancado en modo autónomo
2026-02-27 17:22:44,493 [COLLECTOR]   Intervalo: 300s
2026-02-27 17:22:44,493 [COLLECTOR] =======================================================
2026-02-27 17:22:44,494 [COLLECTOR] Descargando mercados activos...
2026-02-27 17:22:44,831 [COLLECTOR]   Activos: 100 mercados → 0 nuevos guardados
2026-02-27 17:22:44,832 [COLLECTOR] Descargando mercados resueltos...
2026-02-27 17:22:45,162 [COLLECTOR]   Resueltos: 200 mercados → 0 nuevos guardados
2026-02-27 17:22:45,163 [COLLECTOR]   Total en dataset: 230 registros
2026-02-27 17:28:55,863 [COLLECTOR] =======================================================
2026-02-27 17:28:55,863 [COLLECTOR]   COLLECTOR arrancado en modo autónomo
2026-02-27 17:28:55,863 [COLLECTOR]   Intervalo: 300s
2026-02-27 17:28:55,863 [COLLECTOR] =======================================================
2026-02-27 17:28:55,864 [COLLECTOR] Descargando mercados activos...
2026-02-27 17:28:56,213 [COLLECTOR]   Activos: 100 mercados → 24 nuevos guardados
2026-02-27 17:28:56,213 [COLLECTOR] Descargando mercados resueltos...
2026-02-27 17:28:56,960 [COLLECTOR]   Resueltos: 200 mercados → 0 nuevos guardados
2026-02-27 17:28:56,961 [COLLECTOR]   Total en dataset: 254 registros
2026-02-27 17:28:56,962 [COLLECTOR]   +24 nuevos registros esta pasada
2026-02-27 17:33:56,963 [COLLECTOR] Descargando mercados activos...
2026-02-27 17:33:57,319 [COLLECTOR]   Activos: 100 mercados → 0 nuevos guardados
2026-02-27 17:33:57,320 [COLLECTOR] Descargando mercados resueltos...
2026-02-27 17:33:58,168 [COLLECTOR]   Resueltos: 200 mercados → 0 nuevos guardados
2026-02-27 17:33:58,168 [COLLECTOR]   Total en dataset: 254 registros
2026-02-27 17:38:41,266 [COLLECTOR] =======================================================
2026-02-27 17:38:41,266 [COLLECTOR]   COLLECTOR arrancado en modo autónomo
2026-02-27 17:38:41,266 [COLLECTOR]   Intervalo: 300s
2026-02-27 17:38:41,266 [COLLECTOR] =======================================================
2026-02-27 17:38:41,267 [COLLECTOR] Descargando mercados activos...
2026-02-27 17:38:41,603 [COLLECTOR]   Activos: 100 mercados → 0 nuevos guardados
2026-02-27 17:38:41,603 [COLLECTOR] Descargando mercados resueltos...
2026-02-27 17:38:42,362 [COLLECTOR]   Resueltos: 200 mercados → 0 nuevos guardados
2026-02-27 17:38:42,362 [COLLECTOR]   Total en dataset: 254 registros
2026-02-27 17:43:26,829 [COLLECTOR] =======================================================
2026-02-27 17:43:26,829 [COLLECTOR]   COLLECTOR arrancado en modo autónomo
2026-02-27 17:43:26,829 [COLLECTOR]   Intervalo: 300s
2026-02-27 17:43:26,829 [COLLECTOR] =======================================================
2026-02-27 17:43:27,304 [COLLECTOR] Descargando mercados activos...
2026-02-27 17:43:27,657 [COLLECTOR]   Activos: 100 mercados → 0 nuevos guardados
2026-02-27 17:43:27,657 [COLLECTOR] Descargando mercados resueltos...
2026-02-27 17:43:28,440 [COLLECTOR]   Resueltos: 200 mercados → 0 nuevos guardados
2026-02-27 17:43:28,441 [COLLECTOR]   Total en dataset: 254 registros
2026-02-27 17:47:52,130 [COLLECTOR] =======================================================
2026-02-27 17:47:52,130 [COLLECTOR]   COLLECTOR arrancado en modo autónomo
2026-02-27 17:47:52,130 [COLLECTOR]   Intervalo: 300s
2026-02-27 17:47:52,131 [COLLECTOR] =======================================================
2026-02-27 17:47:52,331 [COLLECTOR] Descargando mercados activos...
2026-02-27 17:47:52,454 [COLLECTOR]   Activos: 100 mercados → 0 nuevos guardados
2026-02-27 17:47:52,454 [COLLECTOR] Descargando mercados resueltos...
2026-02-27 17:47:53,106 [COLLECTOR]   Resueltos: 200 mercados → 0 nuevos guardados
2026-02-27 17:47:53,107 [COLLECTOR]   Total en dataset: 254 registros
2026-02-27 17:52:53,302 [COLLECTOR] Descargando mercados activos...
2026-02-27 17:52:53,433 [COLLECTOR]   Activos: 100 mercados → 0 nuevos guardados
2026-02-27 17:52:53,434 [COLLECTOR] Descargando mercados resueltos...
2026-02-27 17:52:53,928 [COLLECTOR]   Resueltos: 200 mercados → 0 nuevos guardados
2026-02-27 17:52:53,929 [COLLECTOR]   Total en dataset: 254 registros
2026-02-27 17:54:14,077 [COLLECTOR] =======================================================
2026-02-27 17:54:14,077 [COLLECTOR]   COLLECTOR arrancado en modo autónomo
2026-02-27 17:54:14,077 [COLLECTOR]   Intervalo: 300s
2026-02-27 17:54:14,077 [COLLECTOR] =======================================================
2026-02-27 17:54:14,077 [COLLECTOR] Dataset insuficiente — iniciando bootstrap histórico...
2026-02-27 17:54:14,077 [COLLECTOR] === BOOTSTRAP HISTÓRICO ===
2026-02-27 17:54:14,077 [COLLECTOR] Iniciando scraping historico paginado (objetivo: 3000 mercados)...
2026-02-27 17:54:14,668 [COLLECTOR]   Pagina offset=0: 200 mercados | total acumulado: 200
2026-02-27 17:54:15,576 [COLLECTOR]   Pagina offset=200: 200 mercados | total acumulado: 400
2026-02-27 17:54:16,346 [COLLECTOR]   Pagina offset=400: 200 mercados | total acumulado: 600
2026-02-27 17:54:17,117 [COLLECTOR]   Pagina offset=600: 200 mercados | total acumulado: 800
2026-02-27 17:54:17,882 [COLLECTOR]   Pagina offset=800: 200 mercados | total acumulado: 1000
2026-02-27 17:54:18,643 [COLLECTOR]   Pagina offset=1000: 200 mercados | total acumulado: 1200
2026-02-27 17:54:19,414 [COLLECTOR]   Pagina offset=1200: 200 mercados | total acumulado: 1400
2026-02-27 17:54:20,203 [COLLECTOR]   Pagina offset=1400: 200 mercados | total acumulado: 1600
2026-02-27 17:54:20,992 [COLLECTOR]   Pagina offset=1600: 200 mercados | total acumulado: 1800
2026-02-27 17:54:21,866 [COLLECTOR]   Pagina offset=1800: 200 mercados | total acumulado: 2000
2026-02-27 17:54:22,620 [COLLECTOR]   Pagina offset=2000: 200 mercados | total acumulado: 2200
2026-02-27 17:54:23,499 [COLLECTOR]   Pagina offset=2200: 200 mercados | total acumulado: 2400
2026-02-27 17:54:24,259 [COLLECTOR]   Pagina offset=2400: 200 mercados | total acumulado: 2600
2026-02-27 17:54:25,085 [COLLECTOR]   Pagina offset=2600: 200 mercados | total acumulado: 2800
2026-02-27 17:54:25,924 [COLLECTOR]   Pagina offset=2800: 200 mercados | total acumulado: 3000
2026-02-27 17:54:26,224 [COLLECTOR] Scraping historico completado: 3000 mercados obtenidos
2026-02-27 17:54:26,261 [COLLECTOR]   Resueltos paginados: 3000 mercados → 1820 guardados (0 con label real)
2026-02-27 17:54:26,519 [COLLECTOR] Descargando mercados activos...
2026-02-27 17:54:26,678 [COLLECTOR]   Activos: 100 mercados → 100 nuevos guardados
2026-02-27 17:54:26,679 [COLLECTOR] Descargando mercados resueltos...
2026-02-27 17:54:26,835 [COLLECTOR]   Resueltos: 200 mercados → 128 nuevos guardados
2026-02-27 17:54:26,844 [COLLECTOR]   Total en dataset: 2048 registros
2026-02-27 17:54:26,849 [COLLECTOR] Bootstrap completo. Total: 2048 registros
2026-02-27 17:54:27,044 [COLLECTOR] Descargando mercados activos...
2026-02-27 17:54:27,181 [COLLECTOR]   Activos: 100 mercados → 0 nuevos guardados
2026-02-27 17:54:27,181 [COLLECTOR] Descargando mercados resueltos...
2026-02-27 17:54:27,328 [COLLECTOR]   Resueltos: 200 mercados → 0 nuevos guardados
2026-02-27 17:54:27,332 [COLLECTOR]   Total en dataset: 2048 registros
2026-02-27 17:59:27,538 [COLLECTOR] Descargando mercados activos...
2026-02-27 17:59:27,675 [COLLECTOR]   Activos: 100 mercados → 0 nuevos guardados
2026-02-27 17:59:27,675 [COLLECTOR] Descargando mercados resueltos...
2026-02-27 17:59:28,262 [COLLECTOR]   Resueltos: 200 mercados → 0 nuevos guardados
2026-02-27 17:59:28,266 [COLLECTOR]   Total en dataset: 2048 registros
2026-02-27 18:04:28,454 [COLLECTOR] Descargando mercados activos...
2026-02-27 18:04:28,592 [COLLECTOR]   Activos: 100 mercados → 0 nuevos guardados
2026-02-27 18:04:28,593 [COLLECTOR] Descargando mercados resueltos...
2026-02-27 18:04:29,098 [COLLECTOR]   Resueltos: 200 mercados → 0 nuevos guardados
2026-02-27 18:04:29,102 [COLLECTOR]   Total en dataset: 2048 registros
2026-02-27 18:07:48,139 [COLLECTOR] =======================================================
2026-02-27 18:07:48,139 [COLLECTOR]   COLLECTOR arrancado en modo autónomo
2026-02-27 18:07:48,139 [COLLECTOR]   Intervalo: 300s
2026-02-27 18:07:48,139 [COLLECTOR] =======================================================
2026-02-27 18:07:48,329 [COLLECTOR] Descargando mercados activos...
2026-02-27 18:07:48,470 [COLLECTOR]   Activos: 100 mercados → 0 nuevos guardados
2026-02-27 18:07:48,470 [COLLECTOR] Descargando mercados resueltos...
2026-02-27 18:07:48,962 [COLLECTOR]   Resueltos: 200 mercados → 0 nuevos guardados
2026-02-27 18:07:48,966 [COLLECTOR]   Total en dataset: 2048 registros
2026-02-27 18:09:37,402 [COLLECTOR] =======================================================
2026-02-27 18:09:37,403 [COLLECTOR]   COLLECTOR arrancado en modo autónomo
2026-02-27 18:09:37,403 [COLLECTOR]   Intervalo: 300s
2026-02-27 18:09:37,403 [COLLECTOR] =======================================================
2026-02-27 18:09:37,691 [COLLECTOR] Descargando mercados activos...
2026-02-27 18:09:37,929 [COLLECTOR]   Activos: 500 mercados → 400 nuevos guardados
2026-02-27 18:09:37,929 [COLLECTOR] Descargando mercados resueltos...
2026-02-27 18:09:38,091 [COLLECTOR]   Resueltos: 200 mercados → 0 nuevos guardados
2026-02-27 18:09:38,096 [COLLECTOR]   Total en dataset: 2448 registros
2026-02-27 18:09:38,097 [COLLECTOR]   +400 nuevos registros esta pasada
2026-02-27 18:14:21,788 [COLLECTOR] =======================================================
2026-02-27 18:14:21,788 [COLLECTOR]   COLLECTOR arrancado en modo autónomo
2026-02-27 18:14:21,788 [COLLECTOR]   Intervalo: 300s
2026-02-27 18:14:21,788 [COLLECTOR] =======================================================
2026-02-27 18:14:21,989 [COLLECTOR] Descargando mercados activos...
2026-02-27 18:14:22,234 [COLLECTOR]   Activos: 500 mercados → 0 nuevos guardados
2026-02-27 18:14:22,234 [COLLECTOR] Descargando mercados resueltos...
2026-02-27 18:14:22,840 [COLLECTOR]   Resueltos: 200 mercados → 0 nuevos guardados
2026-02-27 18:14:22,845 [COLLECTOR]   Total en dataset: 2448 registros
2026-02-27 18:15:54,365 [COLLECTOR] =======================================================
2026-02-27 18:15:54,365 [COLLECTOR]   COLLECTOR arrancado en modo autónomo
2026-02-27 18:15:54,365 [COLLECTOR]   Intervalo: 300s
2026-02-27 18:15:54,365 [COLLECTOR] =======================================================
2026-02-27 18:15:54,664 [COLLECTOR] Descargando mercados activos...
2026-02-27 18:15:54,864 [COLLECTOR]   Activos: 500 mercados → 0 nuevos guardados
2026-02-27 18:15:54,864 [COLLECTOR] Descargando mercados resueltos...
2026-02-27 18:15:55,033 [COLLECTOR]   Resueltos: 200 mercados → 0 nuevos guardados
2026-02-27 18:15:55,037 [COLLECTOR]   Total en dataset: 2448 registros
2026-02-27 18:16:30,880 [COLLECTOR] =======================================================
2026-02-27 18:16:30,880 [COLLECTOR]   COLLECTOR arrancado en modo autónomo
2026-02-27 18:16:30,880 [COLLECTOR]   Intervalo: 300s
2026-02-27 18:16:30,880 [COLLECTOR] =======================================================
2026-02-27 18:16:30,880 [COLLECTOR] Dataset insuficiente — iniciando bootstrap histórico...
2026-02-27 18:16:30,880 [COLLECTOR] === BOOTSTRAP HISTÓRICO ===
2026-02-27 18:16:30,880 [COLLECTOR] Iniciando scraping historico paginado (objetivo: 3000 mercados)...
2026-02-27 18:16:31,447 [COLLECTOR]   Pagina offset=0: 200 mercados | total acumulado: 200
2026-02-27 18:16:32,317 [COLLECTOR]   Pagina offset=200: 200 mercados | total acumulado: 400
2026-02-27 18:16:33,167 [COLLECTOR]   Pagina offset=400: 200 mercados | total acumulado: 600
2026-02-27 18:16:34,125 [COLLECTOR]   Pagina offset=600: 200 mercados | total acumulado: 800
2026-02-27 18:16:34,911 [COLLECTOR]   Pagina offset=800: 200 mercados | total acumulado: 1000
2026-02-27 18:16:35,743 [COLLECTOR]   Pagina offset=1000: 200 mercados | total acumulado: 1200
2026-02-27 18:16:36,619 [COLLECTOR]   Pagina offset=1200: 200 mercados | total acumulado: 1400
2026-02-27 18:16:37,502 [COLLECTOR]   Pagina offset=1400: 200 mercados | total acumulado: 1600
2026-02-27 18:16:38,391 [COLLECTOR]   Pagina offset=1600: 200 mercados | total acumulado: 1800
2026-02-27 18:16:39,230 [COLLECTOR]   Pagina offset=1800: 200 mercados | total acumulado: 2000
2026-02-27 18:16:40,046 [COLLECTOR]   Pagina offset=2000: 200 mercados | total acumulado: 2200
2026-02-27 18:16:40,885 [COLLECTOR]   Pagina offset=2200: 200 mercados | total acumulado: 2400
2026-02-27 18:16:41,753 [COLLECTOR]   Pagina offset=2400: 200 mercados | total acumulado: 2600
2026-02-27 18:16:42,557 [COLLECTOR]   Pagina offset=2600: 200 mercados | total acumulado: 2800
2026-02-27 18:16:43,431 [COLLECTOR]   Pagina offset=2800: 200 mercados | total acumulado: 3000
2026-02-27 18:16:43,731 [COLLECTOR] Scraping historico completado: 3000 mercados obtenidos
2026-02-27 18:16:43,771 [COLLECTOR]   Resueltos paginados: 3000 mercados → 1820 guardados (1820 con label real)
2026-02-27 18:16:43,998 [COLLECTOR] Descargando mercados activos...
2026-02-27 18:16:44,191 [COLLECTOR]   Activos: 500 mercados → 500 nuevos guardados
2026-02-27 18:16:44,191 [COLLECTOR] Descargando mercados resueltos...
2026-02-27 18:16:44,344 [COLLECTOR]   Resueltos: 200 mercados → 128 nuevos guardados
2026-02-27 18:16:44,354 [COLLECTOR]   Total en dataset: 2448 registros
2026-02-27 18:16:44,360 [COLLECTOR] Bootstrap completo. Total: 2448 registros
2026-02-27 18:16:44,553 [COLLECTOR] Descargando mercados activos...
2026-02-27 18:16:44,736 [COLLECTOR]   Activos: 500 mercados → 0 nuevos guardados
2026-02-27 18:16:44,736 [COLLECTOR] Descargando mercados resueltos...
2026-02-27 18:16:44,873 [COLLECTOR]   Resueltos: 200 mercados → 0 nuevos guardados
2026-02-27 18:16:44,878 [COLLECTOR]   Total en dataset: 2448 registros
2026-02-27 18:18:59,146 [COLLECTOR] === BOOTSTRAP HISTÓRICO ===
2026-02-27 18:18:59,146 [COLLECTOR] Iniciando scraping historico paginado (objetivo: 3000 mercados)...
2026-02-27 18:18:59,281 [COLLECTOR]   Pagina offset=0: 200 mercados | total acumulado: 200
2026-02-27 18:18:59,704 [COLLECTOR]   Pagina offset=200: 200 mercados | total acumulado: 400
2026-02-27 18:19:00,127 [COLLECTOR]   Pagina offset=400: 200 mercados | total acumulado: 600
2026-02-27 18:19:00,544 [COLLECTOR]   Pagina offset=600: 200 mercados | total acumulado: 800
2026-02-27 18:19:00,967 [COLLECTOR]   Pagina offset=800: 200 mercados | total acumulado: 1000
2026-02-27 18:19:01,389 [COLLECTOR]   Pagina offset=1000: 200 mercados | total acumulado: 1200
2026-02-27 18:19:01,825 [COLLECTOR]   Pagina offset=1200: 200 mercados | total acumulado: 1400
2026-02-27 18:19:02,259 [COLLECTOR]   Pagina offset=1400: 200 mercados | total acumulado: 1600
2026-02-27 18:19:02,676 [COLLECTOR]   Pagina offset=1600: 200 mercados | total acumulado: 1800
2026-02-27 18:19:03,116 [COLLECTOR]   Pagina offset=1800: 200 mercados | total acumulado: 2000
2026-02-27 18:19:03,552 [COLLECTOR]   Pagina offset=2000: 200 mercados | total acumulado: 2200
2026-02-27 18:19:03,968 [COLLECTOR]   Pagina offset=2200: 200 mercados | total acumulado: 2400
2026-02-27 18:19:04,385 [COLLECTOR]   Pagina offset=2400: 200 mercados | total acumulado: 2600
2026-02-27 18:19:04,806 [COLLECTOR]   Pagina offset=2600: 200 mercados | total acumulado: 2800
2026-02-27 18:19:05,228 [COLLECTOR]   Pagina offset=2800: 200 mercados | total acumulado: 3000
2026-02-27 18:19:05,528 [COLLECTOR] Scraping historico completado: 3000 mercados obtenidos
2026-02-27 18:19:05,568 [COLLECTOR]   Resueltos paginados: 3000 mercados → 1820 guardados (1820 con label real)
2026-02-27 18:19:05,801 [COLLECTOR] Descargando mercados activos...
2026-02-27 18:19:06,000 [COLLECTOR]   Activos: 500 mercados → 500 nuevos guardados
2026-02-27 18:19:06,000 [COLLECTOR] Descargando mercados resueltos...
2026-02-27 18:19:06,550 [COLLECTOR]   Resueltos: 200 mercados → 128 nuevos guardados
2026-02-27 18:19:06,560 [COLLECTOR]   Total en dataset: 2448 registros
2026-02-27 18:19:06,567 [COLLECTOR] Bootstrap completo. Total: 2448 registros
2026-02-27 18:21:45,166 [COLLECTOR] Descargando mercados activos...
2026-02-27 18:21:45,356 [COLLECTOR]   Activos: 500 mercados → 500 nuevos guardados
2026-02-27 18:21:45,356 [COLLECTOR] Descargando mercados resueltos...
2026-02-27 18:21:45,513 [COLLECTOR]   Resueltos: 200 mercados → 0 nuevos guardados
2026-02-27 18:21:45,520 [COLLECTOR]   Total en dataset: 2448 registros
2026-02-27 18:21:45,525 [COLLECTOR]   +500 nuevos registros esta pasada
2026-02-27 18:25:19,629 [COLLECTOR] =======================================================
2026-02-27 18:25:19,629 [COLLECTOR]   COLLECTOR arrancado en modo autónomo
2026-02-27 18:25:19,629 [COLLECTOR]   Intervalo: 300s
2026-02-27 18:25:19,629 [COLLECTOR] =======================================================
2026-02-27 18:25:19,892 [COLLECTOR] Descargando mercados activos...
2026-02-27 18:25:20,118 [COLLECTOR]   Activos: 500 mercados → 1 nuevos guardados
2026-02-27 18:25:20,118 [COLLECTOR] Descargando mercados resueltos...
2026-02-27 18:25:20,688 [COLLECTOR]   Resueltos: 200 mercados → 0 nuevos guardados
2026-02-27 18:25:20,688 [COLLECTOR] Verificando resoluciones pendientes...
2026-02-27 18:25:20,706 [COLLECTOR]   Verificando 501 mercados sin label real...
2026-02-27 18:45:09,611 [COLLECTOR] =======================================================
2026-02-27 18:45:09,611 [COLLECTOR]   COLLECTOR arrancado en modo autónomo
2026-02-27 18:45:09,611 [COLLECTOR]   Intervalo: 300s
2026-02-27 18:45:09,611 [COLLECTOR] =======================================================
2026-02-27 18:45:09,908 [COLLECTOR] Descargando mercados activos...
2026-02-27 18:45:10,123 [COLLECTOR]   Activos: 500 mercados → 4 nuevos guardados
2026-02-27 18:45:10,123 [COLLECTOR] Descargando mercados resueltos...
2026-02-27 18:45:10,635 [COLLECTOR]   Resueltos: 200 mercados → 130 nuevos guardados
2026-02-27 18:45:10,635 [COLLECTOR] Verificando resoluciones pendientes...
2026-02-27 18:45:10,645 [COLLECTOR]   Verificando 505 mercados sin label real...
2026-02-27 18:45:28,852 [COLLECTOR] =======================================================
2026-02-27 18:45:28,852 [COLLECTOR]   COLLECTOR arrancado en modo autónomo
2026-02-27 18:45:28,852 [COLLECTOR]   Intervalo: 300s
2026-02-27 18:45:28,852 [COLLECTOR] =======================================================
2026-02-27 18:45:29,104 [COLLECTOR] Descargando mercados activos...
2026-02-27 18:45:29,325 [COLLECTOR]   Activos: 500 mercados → 0 nuevos guardados
2026-02-27 18:45:29,325 [COLLECTOR] Descargando mercados resueltos...
2026-02-27 18:45:29,454 [COLLECTOR]   Resueltos: 200 mercados → 0 nuevos guardados
2026-02-27 18:45:29,454 [COLLECTOR] Verificando resoluciones pendientes...
2026-02-27 18:45:29,460 [COLLECTOR]   Verificando 505 mercados sin label real...
2026-02-27 18:47:47,029 [COLLECTOR] =======================================================
2026-02-27 18:47:47,029 [COLLECTOR]   COLLECTOR arrancado en modo autónomo
2026-02-27 18:47:47,030 [COLLECTOR]   Intervalo: 300s
2026-02-27 18:47:47,030 [COLLECTOR] =======================================================
2026-02-27 18:47:47,283 [COLLECTOR] Descargando mercados activos...
2026-02-27 18:47:47,461 [COLLECTOR]   Activos: 500 mercados → 0 nuevos guardados
2026-02-27 18:47:47,462 [COLLECTOR] Descargando mercados resueltos...
2026-02-27 18:47:47,600 [COLLECTOR]   Resueltos: 200 mercados → 0 nuevos guardados
2026-02-27 18:47:47,601 [COLLECTOR] Verificando resoluciones pendientes...
2026-02-27 18:47:47,605 [COLLECTOR]   Verificando 505 mercados sin label real...
2026-02-27 18:47:58,158 [COLLECTOR] =======================================================
2026-02-27 18:47:58,158 [COLLECTOR]   COLLECTOR arrancado en modo autónomo
2026-02-27 18:47:58,158 [COLLECTOR]   Intervalo: 300s
2026-02-27 18:47:58,158 [COLLECTOR] =======================================================
2026-02-27 18:47:58,367 [COLLECTOR] Descargando mercados activos...
2026-02-27 18:47:58,532 [COLLECTOR]   Activos: 500 mercados → 0 nuevos guardados
2026-02-27 18:47:58,532 [COLLECTOR] Descargando mercados resueltos...
2026-02-27 18:47:58,697 [COLLECTOR]   Resueltos: 200 mercados → 0 nuevos guardados
2026-02-27 18:47:58,697 [COLLECTOR] Verificando resoluciones pendientes...
2026-02-27 18:47:58,701 [COLLECTOR]   Verificando 505 mercados sin label real...
2026-02-27 18:48:46,409 [COLLECTOR] =======================================================
2026-02-27 18:48:46,409 [COLLECTOR]   COLLECTOR arrancado en modo autónomo
2026-02-27 18:48:46,409 [COLLECTOR]   Intervalo: 300s
2026-02-27 18:48:46,409 [COLLECTOR] =======================================================
2026-02-27 18:48:46,591 [COLLECTOR] Descargando mercados activos...
2026-02-27 18:48:46,994 [COLLECTOR]   Activos: 500 mercados → 0 nuevos guardados
2026-02-27 18:48:46,994 [COLLECTOR] Descargando mercados resueltos...
2026-02-27 18:48:47,566 [COLLECTOR]   Resueltos: 200 mercados → 0 nuevos guardados
2026-02-27 18:48:47,566 [COLLECTOR] Verificando resoluciones pendientes...
2026-02-27 18:48:47,570 [COLLECTOR]   Verificando 505 mercados sin label real...
2026-02-27 18:49:02,699 [COLLECTOR] =======================================================
2026-02-27 18:49:02,699 [COLLECTOR]   COLLECTOR arrancado en modo autónomo
2026-02-27 18:49:02,699 [COLLECTOR]   Intervalo: 300s
2026-02-27 18:49:02,699 [COLLECTOR] =======================================================
2026-02-27 18:49:02,899 [COLLECTOR] Descargando mercados activos...
2026-02-27 18:49:03,105 [COLLECTOR]   Activos: 500 mercados → 0 nuevos guardados
2026-02-27 18:49:03,105 [COLLECTOR] Descargando mercados resueltos...
2026-02-27 18:49:03,257 [COLLECTOR]   Resueltos: 200 mercados → 0 nuevos guardados
2026-02-27 18:49:03,257 [COLLECTOR] Verificando resoluciones pendientes...
2026-02-27 18:49:03,262 [COLLECTOR]   Verificando 505 mercados sin label real...
2026-02-27 18:49:46,531 [COLLECTOR] =======================================================
2026-02-27 18:49:46,531 [COLLECTOR]   COLLECTOR arrancado en modo autónomo
2026-02-27 18:49:46,531 [COLLECTOR]   Intervalo: 300s
2026-02-27 18:49:46,532 [COLLECTOR] =======================================================
2026-02-27 18:49:46,771 [COLLECTOR] Descargando mercados activos...
2026-02-27 18:49:46,956 [COLLECTOR]   Activos: 500 mercados → 0 nuevos guardados
2026-02-27 18:49:46,956 [COLLECTOR] Descargando mercados resueltos...
2026-02-27 18:49:47,089 [COLLECTOR]   Resueltos: 200 mercados → 0 nuevos guardados
2026-02-27 18:49:47,089 [COLLECTOR] Verificando resoluciones pendientes...
2026-02-27 18:49:47,094 [COLLECTOR]   Verificando 505 mercados sin label real...
2026-02-27 18:50:35,567 [COLLECTOR] =======================================================
2026-02-27 18:50:35,567 [COLLECTOR]   COLLECTOR arrancado en modo autónomo
2026-02-27 18:50:35,567 [COLLECTOR]   Intervalo: 300s
2026-02-27 18:50:35,567 [COLLECTOR] =======================================================
2026-02-27 18:50:35,823 [COLLECTOR] Descargando mercados activos...
2026-02-27 18:50:36,033 [COLLECTOR]   Activos: 500 mercados → 0 nuevos guardados
2026-02-27 18:50:36,033 [COLLECTOR] Descargando mercados resueltos...
2026-02-27 18:50:36,174 [COLLECTOR]   Resueltos: 200 mercados → 0 nuevos guardados
2026-02-27 18:50:36,174 [COLLECTOR] Verificando resoluciones pendientes...
2026-02-27 18:50:36,179 [COLLECTOR]   Verificando 505 mercados sin label real...
2026-02-27 18:51:47,315 [COLLECTOR]   Total en dataset: 635 registros
2026-02-27 18:55:07,648 [COLLECTOR] =======================================================
2026-02-27 18:55:07,648 [COLLECTOR]   COLLECTOR arrancado en modo autónomo
2026-02-27 18:55:07,648 [COLLECTOR]   Intervalo: 300s
2026-02-27 18:55:07,649 [COLLECTOR] =======================================================
2026-02-27 18:55:07,892 [COLLECTOR] Descargando mercados activos...
2026-02-27 18:55:17,653 [COLLECTOR]   Activos: 10000 mercados → 7453 nuevos guardados
2026-02-27 18:55:17,653 [COLLECTOR] Descargando mercados resueltos...
2026-02-27 18:55:18,220 [COLLECTOR]   Resueltos: 200 mercados → 0 nuevos guardados
2026-02-27 18:55:18,220 [COLLECTOR] Verificando resoluciones pendientes...
2026-02-27 18:55:18,314 [COLLECTOR]   Verificando 7958 mercados sin label real...
2026-02-27 19:12:02,756 [COLLECTOR] =======================================================
2026-02-27 19:12:02,757 [COLLECTOR]   COLLECTOR arrancado en modo autónomo
2026-02-27 19:12:02,757 [COLLECTOR]   Intervalo: 300s
2026-02-27 19:12:02,757 [COLLECTOR] =======================================================
2026-02-27 19:12:02,993 [COLLECTOR] Descargando mercados activos...
2026-02-27 19:12:13,611 [COLLECTOR]   Activos: 10000 mercados → 56 nuevos guardados
2026-02-27 19:12:13,611 [COLLECTOR] Descargando mercados resueltos...
2026-02-27 19:12:14,206 [COLLECTOR]   Resueltos: 200 mercados → 0 nuevos guardados
2026-02-27 19:12:14,206 [COLLECTOR] Verificando resoluciones pendientes...
2026-02-27 19:12:14,290 [COLLECTOR]   Verificando 8014 mercados sin label real...
2026-02-27 19:31:28,952 [COLLECTOR]   Total en dataset: 8144 registros
2026-02-27 19:31:28,997 [COLLECTOR]   +56 nuevos registros esta pasada
2026-02-27 19:33:55,682 [COLLECTOR] =======================================================
2026-02-27 19:33:55,682 [COLLECTOR]   COLLECTOR arrancado en modo autónomo
2026-02-27 19:33:55,682 [COLLECTOR]   Intervalo: 300s
2026-02-27 19:33:55,682 [COLLECTOR] =======================================================
2026-02-27 19:33:55,889 [COLLECTOR] Descargando mercados activos...
2026-02-27 19:34:06,551 [COLLECTOR]   Activos: 10000 mercados → 51 nuevos guardados
2026-02-27 19:34:06,551 [COLLECTOR] Descargando mercados resueltos...
2026-02-27 19:34:07,229 [COLLECTOR]   Resueltos: 200 mercados → 0 nuevos guardados
2026-02-27 19:34:07,229 [COLLECTOR] Verificando resoluciones pendientes...
2026-02-27 19:34:07,293 [COLLECTOR]   Verificando 8065 mercados sin label real...
2026-02-28 11:28:37,688 [COLLECTOR] =======================================================
2026-02-28 11:28:37,689 [COLLECTOR]   COLLECTOR arrancado en modo autónomo
2026-02-28 11:28:37,689 [COLLECTOR]   Intervalo: 300s
2026-02-28 11:28:37,689 [COLLECTOR] =======================================================
2026-02-28 11:28:38,041 [COLLECTOR] Descargando mercados activos...
2026-02-28 11:28:53,555 [COLLECTOR]   Activos: 10000 mercados → 7634 nuevos guardados
2026-02-28 11:28:53,555 [COLLECTOR] Descargando mercados resueltos...
2026-02-28 11:28:54,622 [COLLECTOR]   Resueltos: 200 mercados → 129 nuevos guardados
2026-02-28 11:28:54,622 [COLLECTOR] Verificando resoluciones pendientes...
2026-02-28 11:28:54,766 [COLLECTOR]   Verificando 7634 mercados sin label real...
2026-02-28 11:46:49,028 [COLLECTOR]   Total en dataset: 15958 registros
2026-02-28 11:46:49,063 [COLLECTOR]   +7763 nuevos registros esta pasada
2026-02-28 11:51:49,301 [COLLECTOR] Descargando mercados activos...
2026-02-28 11:51:59,703 [COLLECTOR]   Activos: 10000 mercados → 53 nuevos guardados
2026-02-28 11:51:59,704 [COLLECTOR] Descargando mercados resueltos...
2026-02-28 11:52:00,830 [COLLECTOR]   Resueltos: 200 mercados → 129 nuevos guardados
2026-02-28 11:52:00,831 [COLLECTOR] Verificando resoluciones pendientes...
2026-02-28 11:52:01,040 [COLLECTOR]   Verificando 7687 mercados sin label real...
2026-02-28 12:10:15,969 [COLLECTOR]   Total en dataset: 16011 registros
2026-02-28 12:10:16,015 [COLLECTOR]   +182 nuevos registros esta pasada
2026-02-28 12:15:16,269 [COLLECTOR] Descargando mercados activos...
2026-02-28 12:15:27,104 [COLLECTOR]   Activos: 10000 mercados → 27 nuevos guardados
2026-02-28 12:15:27,104 [COLLECTOR] Descargando mercados resueltos...
2026-02-28 12:15:28,348 [COLLECTOR]   Resueltos: 200 mercados → 129 nuevos guardados
2026-02-28 12:15:28,348 [COLLECTOR] Verificando resoluciones pendientes...
2026-02-28 12:15:28,503 [COLLECTOR]   Verificando 7714 mercados sin label real...
2026-02-28 12:33:43,318 [COLLECTOR]   Total en dataset: 16038 registros
2026-02-28 12:33:43,360 [COLLECTOR]   +156 nuevos registros esta pasada
2026-02-28 12:38:43,547 [COLLECTOR] Descargando mercados activos...
2026-02-28 12:38:53,982 [COLLECTOR]   Activos: 10000 mercados → 27 nuevos guardados
2026-02-28 12:38:53,982 [COLLECTOR] Descargando mercados resueltos...
2026-02-28 12:38:55,011 [COLLECTOR]   Resueltos: 200 mercados → 129 nuevos guardados
2026-02-28 12:38:55,012 [COLLECTOR] Verificando resoluciones pendientes...
2026-02-28 12:38:55,163 [COLLECTOR]   Verificando 7741 mercados sin label real...
2026-02-28 12:57:03,009 [COLLECTOR]   Total en dataset: 16065 registros
2026-02-28 12:57:03,098 [COLLECTOR]   +156 nuevos registros esta pasada
2026-02-28 13:02:03,364 [COLLECTOR] Descargando mercados activos...
2026-02-28 13:02:14,603 [COLLECTOR]   Activos: 10000 mercados → 7707 nuevos guardados
2026-02-28 13:02:14,603 [COLLECTOR] Descargando mercados resueltos...
2026-02-28 13:02:16,037 [COLLECTOR]   Resueltos: 200 mercados → 129 nuevos guardados
2026-02-28 13:02:16,037 [COLLECTOR] Verificando resoluciones pendientes...
2026-02-28 13:02:16,312 [COLLECTOR]   Verificando 15448 mercados sin label real...
2026-02-28 13:38:53,036 [COLLECTOR]   Total en dataset: 23901 registros
2026-02-28 13:38:53,121 [COLLECTOR]   +7836 nuevos registros esta pasada
2026-02-28 13:43:53,355 [COLLECTOR] Descargando mercados activos...
2026-02-28 13:44:04,610 [COLLECTOR]   Activos: 10000 mercados → 60 nuevos guardados
2026-02-28 13:44:04,611 [COLLECTOR] Descargando mercados resueltos...
2026-02-28 13:44:06,085 [COLLECTOR]   Resueltos: 200 mercados → 129 nuevos guardados
2026-02-28 13:44:06,085 [COLLECTOR] Verificando resoluciones pendientes...
2026-02-28 13:44:06,367 [COLLECTOR]   Verificando 15508 mercados sin label real...
2026-02-28 14:21:06,617 [COLLECTOR]   Total en dataset: 23961 registros
2026-02-28 14:21:06,684 [COLLECTOR]   +189 nuevos registros esta pasada
2026-02-28 14:26:06,937 [COLLECTOR] Descargando mercados activos...
2026-02-28 14:26:17,706 [COLLECTOR]   Activos: 10000 mercados → 64 nuevos guardados
2026-02-28 14:26:17,706 [COLLECTOR] Descargando mercados resueltos...
2026-02-28 14:26:19,040 [COLLECTOR]   Resueltos: 200 mercados → 129 nuevos guardados
2026-02-28 14:26:19,040 [COLLECTOR] Verificando resoluciones pendientes...
2026-02-28 14:26:19,255 [COLLECTOR]   Verificando 15572 mercados sin label real...
2026-02-28 15:02:34,294 [COLLECTOR]   Total en dataset: 24025 registros
2026-02-28 15:02:34,332 [COLLECTOR]   +193 nuevos registros esta pasada
2026-02-28 15:07:34,738 [COLLECTOR] Descargando mercados activos...
2026-02-28 15:07:47,295 [COLLECTOR]   Activos: 10000 mercados → 77 nuevos guardados
2026-02-28 15:07:47,295 [COLLECTOR] Descargando mercados resueltos...
2026-02-28 15:07:49,639 [COLLECTOR]   Resueltos: 200 mercados → 129 nuevos guardados
2026-02-28 15:07:49,640 [COLLECTOR] Verificando resoluciones pendientes...
2026-02-28 15:07:49,998 [COLLECTOR]   Verificando 15649 mercados sin label real...
2026-02-28 15:45:50,497 [COLLECTOR]   Total en dataset: 24102 registros
2026-02-28 15:45:50,543 [COLLECTOR]   +206 nuevos registros esta pasada
2026-02-28 15:50:50,744 [COLLECTOR] Descargando mercados activos...
2026-02-28 15:51:01,384 [COLLECTOR]   Activos: 10000 mercados → 77 nuevos guardados
2026-02-28 15:51:01,385 [COLLECTOR] Descargando mercados resueltos...
2026-02-28 15:51:02,694 [COLLECTOR]   Resueltos: 200 mercados → 126 nuevos guardados
2026-02-28 15:51:02,695 [COLLECTOR] Verificando resoluciones pendientes...
2026-02-28 15:51:02,911 [COLLECTOR]   Verificando 15726 mercados sin label real...
