2026-02-27 17:15:15,939 [MAIN] Arrancando Collector...
2026-02-27 17:15:15,944 [MAIN] =======================================================
2026-02-27 17:15:15,944 [MAIN]   COLLECTOR arrancado en modo autónomo
2026-02-27 17:15:15,944 [MAIN]   Intervalo: 300s
2026-02-27 17:15:15,944 [MAIN] =======================================================
2026-02-27 17:15:15,945 [MAIN] Dataset insuficiente — iniciando bootstrap histórico...
2026-02-27 17:15:15,945 [MAIN] === BOOTSTRAP HISTÓRICO ===
2026-02-27 17:15:15,945 [MAIN] Descargando 90 días de histórico via The Graph...
2026-02-27 17:15:16,664 [MAIN]   The Graph no respondió — usando solo Gamma API
2026-02-27 17:15:16,664 [MAIN] Descargando mercados activos...
2026-02-27 17:15:17,038 [MAIN] Descargando mercados resueltos...
2026-02-27 17:15:17,800 [MAIN]   Total en dataset: 230 registros
2026-02-27 17:15:17,802 [MAIN] Bootstrap completo. Total: 230 registros
2026-02-27 17:15:17,802 [MAIN] Descargando mercados activos...
2026-02-27 17:15:17,940 [MAIN] Arrancando Trainer...
2026-02-27 17:15:17,946 [MAIN] =======================================================
2026-02-27 17:15:17,946 [MAIN]   TRAINER en modo watch — reentrenamiento automático
2026-02-27 17:15:17,946 [MAIN]   Reentrenar cada: 500 nuevos registros
2026-02-27 17:15:17,946 [MAIN] =======================================================
2026-02-27 17:15:18,126 [MAIN] Descargando mercados resueltos...
2026-02-27 17:15:18,458 [MAIN]   Total en dataset: 230 registros
2026-02-27 17:15:19,942 [MAIN] Arrancando Inference...
2026-02-27 17:15:19,947 [MAIN] =======================================================
2026-02-27 17:15:19,947 [MAIN]   INFERENCE ENGINE arrancado
2026-02-27 17:15:19,947 [MAIN]   Intervalo: 60s
2026-02-27 17:15:19,947 [MAIN]   Threshold bueno: 65%
2026-02-27 17:15:19,947 [MAIN] =======================================================
2026-02-27 17:20:47,065 [MAIN] Arrancando Collector...
2026-02-27 17:20:49,066 [MAIN] Arrancando Trainer...
2026-02-27 17:20:51,067 [MAIN] Arrancando Inference...
2026-02-27 17:20:53,069 [MAIN] âś… Todos los componentes activos. Ctrl+C para detener.
2026-02-27 17:22:44,491 [MAIN] Arrancando Collector...
2026-02-27 17:22:46,492 [MAIN] Arrancando Trainer...
2026-02-27 17:22:48,493 [MAIN] Arrancando Inference...
2026-02-27 17:22:50,494 [MAIN] âś… Todos los componentes activos. Ctrl+C para detener.
2026-02-27 17:28:55,861 [MAIN] Arrancando Collector...
2026-02-27 17:28:57,862 [MAIN] Arrancando Trainer...
2026-02-27 17:28:59,863 [MAIN] Arrancando Inference...
2026-02-27 17:29:01,864 [MAIN] âś… Todos los componentes activos. Ctrl+C para detener.
2026-02-27 17:38:41,253 [MAIN] Arrancando Collector...
2026-02-27 17:38:43,254 [MAIN] Arrancando Trainer...
2026-02-27 17:38:45,255 [MAIN] Arrancando Inference...
2026-02-27 17:38:47,256 [MAIN] âś… Todos los componentes activos. Ctrl+C para detener.
2026-02-27 17:43:26,821 [MAIN] Arrancando Collector...
2026-02-27 17:43:28,822 [MAIN] Arrancando Trainer...
2026-02-27 17:43:30,824 [MAIN] Arrancando Inference...
2026-02-27 17:43:32,825 [MAIN] âś… Todos los componentes activos. Ctrl+C para detener.
2026-02-27 17:47:52,126 [MAIN] Arrancando Collector...
2026-02-27 17:47:54,127 [MAIN] Arrancando Trainer...
2026-02-27 17:47:56,127 [MAIN] Arrancando Inference...
2026-02-27 17:47:58,128 [MAIN] âś… Todos los componentes activos. Ctrl+C para detener.
2026-02-27 17:54:14,071 [MAIN] Arrancando Collector...
2026-02-27 17:54:16,072 [MAIN] Arrancando Trainer...
2026-02-27 17:54:18,074 [MAIN] Arrancando Inference...
2026-02-27 17:54:20,075 [MAIN] âś… Todos los componentes activos. Ctrl+C para detener.
2026-02-27 18:07:48,137 [MAIN] Arrancando Collector...
2026-02-27 18:07:50,138 [MAIN] Arrancando Trainer...
2026-02-27 18:07:52,139 [MAIN] Arrancando Inference...
2026-02-27 18:07:54,140 [MAIN] âś… Todos los componentes activos. Ctrl+C para detener.
2026-02-27 18:09:37,401 [MAIN] Arrancando Collector...
2026-02-27 18:09:39,402 [MAIN] Arrancando Trainer...
2026-02-27 18:09:41,403 [MAIN] Arrancando Inference...
2026-02-27 18:14:21,786 [MAIN] Arrancando Collector...
2026-02-27 18:14:23,787 [MAIN] Arrancando Trainer...
2026-02-27 18:14:25,789 [MAIN] Arrancando Inference...
2026-02-27 18:14:27,790 [MAIN] âś… Todos los componentes activos. Ctrl+C para detener.
2026-02-27 18:15:54,363 [MAIN] Arrancando Collector...
2026-02-27 18:15:56,364 [MAIN] Arrancando Trainer...
2026-02-27 18:15:58,366 [MAIN] Arrancando Inference...
2026-02-27 18:16:30,878 [MAIN] Arrancando Collector...
2026-02-27 18:16:32,879 [MAIN] Arrancando Trainer...
2026-02-27 18:16:34,880 [MAIN] Arrancando Inference...
2026-02-27 18:16:36,881 [MAIN] âś… Todos los componentes activos. Ctrl+C para detener.
2026-02-27 18:25:19,622 [MAIN] Arrancando Collector...
2026-02-27 18:25:21,623 [MAIN] Arrancando Trainer...
2026-02-27 18:25:23,624 [MAIN] Arrancando Inference...
2026-02-27 18:25:25,625 [MAIN] âś… Todos los componentes activos. Ctrl+C para detener.
2026-02-27 18:45:09,609 [MAIN] Arrancando Collector...
2026-02-27 18:45:11,610 [MAIN] Arrancando Trainer...
2026-02-27 18:45:13,611 [MAIN] Arrancando Inference...
2026-02-27 18:45:15,618 [MAIN] âś… Todos los componentes activos. Ctrl+C para detener.
2026-02-27 18:45:28,850 [MAIN] Arrancando Collector...
2026-02-27 18:45:30,851 [MAIN] Arrancando Trainer...
2026-02-27 18:45:32,852 [MAIN] Arrancando Inference...
2026-02-27 18:45:34,853 [MAIN] âś… Todos los componentes activos. Ctrl+C para detener.
2026-02-27 18:47:47,027 [MAIN] Arrancando Collector...
2026-02-27 18:47:49,029 [MAIN] Arrancando Trainer...
2026-02-27 18:47:51,031 [MAIN] Arrancando Inference...
2026-02-27 18:47:53,037 [MAIN] âś… Todos los componentes activos. Ctrl+C para detener.
2026-02-27 18:47:58,156 [MAIN] Arrancando Collector...
2026-02-27 18:48:00,157 [MAIN] Arrancando Trainer...
2026-02-27 18:48:02,158 [MAIN] Arrancando Inference...
2026-02-27 18:48:04,162 [MAIN] âś… Todos los componentes activos. Ctrl+C para detener.
2026-02-27 18:48:46,407 [MAIN] Arrancando Collector...
2026-02-27 18:48:48,419 [MAIN] Arrancando Trainer...
2026-02-27 18:48:50,420 [MAIN] Arrancando Inference...
2026-02-27 18:48:52,421 [MAIN] âś… Todos los componentes activos. Ctrl+C para detener.
2026-02-27 18:49:02,697 [MAIN] Arrancando Collector...
2026-02-27 18:49:04,698 [MAIN] Arrancando Trainer...
2026-02-27 18:49:06,699 [MAIN] Arrancando Inference...
2026-02-27 18:49:08,700 [MAIN] âś… Todos los componentes activos. Ctrl+C para detener.
2026-02-27 18:49:46,529 [MAIN] Arrancando Collector...
2026-02-27 18:49:48,530 [MAIN] Arrancando Trainer...
2026-02-27 18:49:50,531 [MAIN] Arrancando Inference...
2026-02-27 18:49:52,533 [MAIN] âś… Todos los componentes activos. Ctrl+C para detener.
2026-02-27 18:50:35,565 [MAIN] Arrancando Collector...
2026-02-27 18:50:37,573 [MAIN] Arrancando Trainer...
2026-02-27 18:50:39,581 [MAIN] Arrancando Inference...
2026-02-27 18:50:41,581 [MAIN] âś… Todos los componentes activos. Ctrl+C para detener.
2026-02-27 18:55:07,642 [MAIN] Arrancando Collector...
2026-02-27 18:55:09,643 [MAIN] Arrancando Trainer...
2026-02-27 18:55:11,644 [MAIN] Arrancando Inference...
2026-02-27 18:55:13,646 [MAIN] âś… Todos los componentes activos. Ctrl+C para detener.
2026-02-27 19:12:02,754 [MAIN] Arrancando Collector...
2026-02-27 19:12:04,760 [MAIN] Arrancando Trainer...
2026-02-27 19:12:06,777 [MAIN] Arrancando Inference...
2026-02-27 19:12:08,778 [MAIN] âś… Todos los componentes activos. Ctrl+C para detener.
2026-02-27 19:33:55,680 [MAIN] Arrancando Collector...
2026-02-27 19:33:57,690 [MAIN] Arrancando Trainer...
2026-02-27 19:33:59,691 [MAIN] Arrancando Inference...
2026-02-27 19:34:01,694 [MAIN] âś… Todos los componentes activos. Ctrl+C para detener.
2026-02-28 11:28:37,682 [MAIN] Arrancando Collector...
2026-02-28 11:28:39,683 [MAIN] Arrancando Trainer...
2026-02-28 11:28:41,684 [MAIN] Arrancando Inference...
2026-02-28 11:28:43,685 [MAIN] âś… Todos los componentes activos. Ctrl+C para detener.
